e:\download\8.aigis-sig\aigis-sig一类基于非对称(m)lwe和(m)sis的数字签名和密钥封装机制\win10\ref\ref\x64\debug\vc142.pdb
e:\download\8.aigis-sig\aigis-sig一类基于非对称(m)lwe和(m)sis的数字签名和密钥封装机制\win10\ref\ref\x64\debug\vc142.idb
e:\download\8.aigis-sig\aigis-sig一类基于非对称(m)lwe和(m)sis的数字签名和密钥封装机制\win10\ref\ref\x64\debug\sign.obj
e:\download\8.aigis-sig\aigis-sig一类基于非对称(m)lwe和(m)sis的数字签名和密钥封装机制\win10\ref\ref\x64\debug\keygen.obj
e:\download\8.aigis-sig\aigis-sig一类基于非对称(m)lwe和(m)sis的数字签名和密钥封装机制\win10\ref\ref\x64\debug\speed.obj
e:\download\8.aigis-sig\aigis-sig一类基于非对称(m)lwe和(m)sis的数字签名和密钥封装机制\win10\ref\ref\x64\debug\rounding.obj
e:\download\8.aigis-sig\aigis-sig一类基于非对称(m)lwe和(m)sis的数字签名和密钥封装机制\win10\ref\ref\x64\debug\reduce.obj
e:\download\8.aigis-sig\aigis-sig一类基于非对称(m)lwe和(m)sis的数字签名和密钥封装机制\win10\ref\ref\x64\debug\randombytes.obj
e:\download\8.aigis-sig\aigis-sig一类基于非对称(m)lwe和(m)sis的数字签名和密钥封装机制\win10\ref\ref\x64\debug\polyvec.obj
e:\download\8.aigis-sig\aigis-sig一类基于非对称(m)lwe和(m)sis的数字签名和密钥封装机制\win10\ref\ref\x64\debug\poly.obj
e:\download\8.aigis-sig\aigis-sig一类基于非对称(m)lwe和(m)sis的数字签名和密钥封装机制\win10\ref\ref\x64\debug\packing.obj
e:\download\8.aigis-sig\aigis-sig一类基于非对称(m)lwe和(m)sis的数字签名和密钥封装机制\win10\ref\ref\x64\debug\ntt.obj
e:\download\8.aigis-sig\aigis-sig一类基于非对称(m)lwe和(m)sis的数字签名和密钥封装机制\win10\ref\ref\x64\debug\fips202.obj
e:\download\8.aigis-sig\aigis-sig一类基于非对称(m)lwe和(m)sis的数字签名和密钥封装机制\win10\ref\ref\x64\debug\cpucycles.obj
e:\download\8.aigis-sig\aigis-sig一类基于非对称(m)lwe和(m)sis的数字签名和密钥封装机制\win10\ref\ref\x64\debug\main.obj
e:\download\8.aigis-sig\aigis-sig一类基于非对称(m)lwe和(m)sis的数字签名和密钥封装机制\win10\ref\x64\debug\aigis_sig.pdb
e:\download\8.aigis-sig\aigis-sig一类基于非对称(m)lwe和(m)sis的数字签名和密钥封装机制\win10\ref\ref\x64\debug\aigis_sig.tlog\cl.command.1.tlog
e:\download\8.aigis-sig\aigis-sig一类基于非对称(m)lwe和(m)sis的数字签名和密钥封装机制\win10\ref\ref\x64\debug\aigis_sig.tlog\cl.read.1.tlog
e:\download\8.aigis-sig\aigis-sig一类基于非对称(m)lwe和(m)sis的数字签名和密钥封装机制\win10\ref\ref\x64\debug\aigis_sig.tlog\cl.write.1.tlog
e:\download\8.aigis-sig\aigis-sig一类基于非对称(m)lwe和(m)sis的数字签名和密钥封装机制\win10\ref\ref\x64\debug\aigis_sig.tlog\link-cvtres.read.1.tlog
e:\download\8.aigis-sig\aigis-sig一类基于非对称(m)lwe和(m)sis的数字签名和密钥封装机制\win10\ref\ref\x64\debug\aigis_sig.tlog\link-cvtres.write.1.tlog
e:\download\8.aigis-sig\aigis-sig一类基于非对称(m)lwe和(m)sis的数字签名和密钥封装机制\win10\ref\ref\x64\debug\aigis_sig.tlog\link-rc.read.1.tlog
e:\download\8.aigis-sig\aigis-sig一类基于非对称(m)lwe和(m)sis的数字签名和密钥封装机制\win10\ref\ref\x64\debug\aigis_sig.tlog\link-rc.write.1.tlog
e:\download\8.aigis-sig\aigis-sig一类基于非对称(m)lwe和(m)sis的数字签名和密钥封装机制\win10\ref\ref\x64\debug\aigis_sig.tlog\link.command.1.tlog
e:\download\8.aigis-sig\aigis-sig一类基于非对称(m)lwe和(m)sis的数字签名和密钥封装机制\win10\ref\ref\x64\debug\aigis_sig.tlog\link.read.1.tlog
e:\download\8.aigis-sig\aigis-sig一类基于非对称(m)lwe和(m)sis的数字签名和密钥封装机制\win10\ref\ref\x64\debug\aigis_sig.tlog\link.write.1.tlog
